<?xml version="1.0" encoding="UTF-8"?>
<robot generator="Robot 6.0.1 (Python 3.10.0 on darwin)" generated="20230528 16:08:42.911" rpa="false" schemaversion="3">
<suite id="s1" name="Primeiro-Teste" source="/Users/elietemiranda/Documents/studies-projects/robotframework-alura/curso-robot/primeiro-teste.robot">
<test id="s1-t1" name="Abra navegador e acessar o site do Organo" line="6">
<kw name="Open Browser" library="SeleniumLibrary">
<arg>url=http://localhost:3000/</arg>
<arg>browser=Chrome</arg>
<doc>Opens a new browser instance to the optional ``url``.</doc>
<msg timestamp="20230528 16:08:43.171" level="INFO">Opening browser 'Chrome' to base url 'http://localhost:3000/'.</msg>
<status status="PASS" starttime="20230528 16:08:43.171" endtime="20230528 16:08:50.413"/>
</kw>
<status status="PASS" starttime="20230528 16:08:43.170" endtime="20230528 16:08:50.414"/>
</test>
<status status="PASS" starttime="20230528 16:08:42.913" endtime="20230528 16:08:50.415"/>
</suite>
<statistics>
<total>
<stat pass="1" fail="0" skip="0">All Tests</stat>
</total>
<tag>
</tag>
<suite>
<stat pass="1" fail="0" skip="0" id="s1" name="Primeiro-Teste">Primeiro-Teste</stat>
</suite>
</statistics>
<errors>
</errors>
</robot>
